# Logfile created on 2014-04-12 23:28:19 +0800 by logger.rb/44203
I, [2014-04-12T23:28:19.108225 #5122]  INFO -- : 0:  backports (3.6.0) from /Users/oranzhang/.rvm/gems/ruby-2.1.0/specifications/backports-3.6.0.gemspec
I, [2014-04-12T23:28:19.108503 #5122]  INFO -- : 0:  coffee-script-source (1.7.0) from /Users/oranzhang/.rvm/gems/ruby-2.1.0/specifications/coffee-script-source-1.7.0.gemspec
I, [2014-04-12T23:28:19.108748 #5122]  INFO -- : 0:  execjs (2.0.2) from /Users/oranzhang/.rvm/gems/ruby-2.1.0/specifications/execjs-2.0.2.gemspec
I, [2014-04-12T23:28:19.108996 #5122]  INFO -- : 0:  coffee-script (2.2.0) from /Users/oranzhang/.rvm/gems/ruby-2.1.0/specifications/coffee-script-2.2.0.gemspec
I, [2014-04-12T23:28:19.109221 #5122]  INFO -- : 0:  multi_json (1.9.0) from /Users/oranzhang/.rvm/gems/ruby-2.1.0/specifications/multi_json-1.9.0.gemspec
I, [2014-04-12T23:28:19.109437 #5122]  INFO -- : 0:  rack (1.5.2) from /Users/oranzhang/.rvm/gems/ruby-2.1.0/specifications/rack-1.5.2.gemspec
I, [2014-04-12T23:28:19.109674 #5122]  INFO -- : 0:  rack-protection (1.5.2) from /Users/oranzhang/.rvm/gems/ruby-2.1.0/specifications/rack-protection-1.5.2.gemspec
I, [2014-04-12T23:28:19.109891 #5122]  INFO -- : 0:  rack-test (0.6.2) from /Users/oranzhang/.rvm/gems/ruby-2.1.0/specifications/rack-test-0.6.2.gemspec
I, [2014-04-12T23:28:19.110109 #5122]  INFO -- : 0:  tilt (1.4.1) from /Users/oranzhang/.rvm/gems/ruby-2.1.0/specifications/tilt-1.4.1.gemspec
I, [2014-04-12T23:28:19.110340 #5122]  INFO -- : 0:  sinatra (1.4.5) from /Users/oranzhang/.rvm/gems/ruby-2.1.0/specifications/sinatra-1.4.5.gemspec
I, [2014-04-12T23:28:19.110557 #5122]  INFO -- : 0:  sinatra-contrib (1.4.2) from /Users/oranzhang/.rvm/gems/ruby-2.1.0/specifications/sinatra-contrib-1.4.2.gemspec
I, [2014-04-12T23:28:19.110788 #5122]  INFO -- : 0:  temple (0.6.7) from /Users/oranzhang/.rvm/gems/ruby-2.1.0/specifications/temple-0.6.7.gemspec
I, [2014-04-12T23:28:19.111010 #5122]  INFO -- : 0:  slim (2.0.2) from /Users/oranzhang/.rvm/gems/ruby-2.1.0/specifications/slim-2.0.2.gemspec
I, [2014-04-12T23:28:19.111226 #5122]  INFO -- : 0:  bundler (1.5.1) from /Users/oranzhang/.rvm/gems/ruby-2.1.0@global/specifications/bundler-1.5.1.gemspec
I, [2014-04-12T23:31:51.235271 #5171]  INFO -- : 0:  backports (3.6.0) from /Users/oranzhang/.rvm/gems/ruby-2.1.0/specifications/backports-3.6.0.gemspec
I, [2014-04-12T23:31:51.235580 #5171]  INFO -- : 0:  coffee-script-source (1.7.0) from /Users/oranzhang/.rvm/gems/ruby-2.1.0/specifications/coffee-script-source-1.7.0.gemspec
I, [2014-04-12T23:31:51.235793 #5171]  INFO -- : 0:  execjs (2.0.2) from /Users/oranzhang/.rvm/gems/ruby-2.1.0/specifications/execjs-2.0.2.gemspec
I, [2014-04-12T23:31:51.235977 #5171]  INFO -- : 0:  coffee-script (2.2.0) from /Users/oranzhang/.rvm/gems/ruby-2.1.0/specifications/coffee-script-2.2.0.gemspec
I, [2014-04-12T23:31:51.236176 #5171]  INFO -- : 0:  multi_json (1.9.0) from /Users/oranzhang/.rvm/gems/ruby-2.1.0/specifications/multi_json-1.9.0.gemspec
I, [2014-04-12T23:31:51.236343 #5171]  INFO -- : 0:  rack (1.5.2) from /Users/oranzhang/.rvm/gems/ruby-2.1.0/specifications/rack-1.5.2.gemspec
I, [2014-04-12T23:31:51.236527 #5171]  INFO -- : 0:  rack-protection (1.5.2) from /Users/oranzhang/.rvm/gems/ruby-2.1.0/specifications/rack-protection-1.5.2.gemspec
I, [2014-04-12T23:31:51.236734 #5171]  INFO -- : 0:  rack-test (0.6.2) from /Users/oranzhang/.rvm/gems/ruby-2.1.0/specifications/rack-test-0.6.2.gemspec
I, [2014-04-12T23:31:51.238475 #5171]  INFO -- : 0:  tilt (1.4.1) from /Users/oranzhang/.rvm/gems/ruby-2.1.0/specifications/tilt-1.4.1.gemspec
I, [2014-04-12T23:31:51.238673 #5171]  INFO -- : 0:  sinatra (1.4.5) from /Users/oranzhang/.rvm/gems/ruby-2.1.0/specifications/sinatra-1.4.5.gemspec
I, [2014-04-12T23:31:51.238849 #5171]  INFO -- : 0:  sinatra-contrib (1.4.2) from /Users/oranzhang/.rvm/gems/ruby-2.1.0/specifications/sinatra-contrib-1.4.2.gemspec
I, [2014-04-12T23:31:51.239016 #5171]  INFO -- : 0:  temple (0.6.7) from /Users/oranzhang/.rvm/gems/ruby-2.1.0/specifications/temple-0.6.7.gemspec
I, [2014-04-12T23:31:51.239180 #5171]  INFO -- : 0:  slim (2.0.2) from /Users/oranzhang/.rvm/gems/ruby-2.1.0/specifications/slim-2.0.2.gemspec
I, [2014-04-12T23:31:51.239552 #5171]  INFO -- : 0:  bundler (1.5.1) from /Users/oranzhang/.rvm/gems/ruby-2.1.0@global/specifications/bundler-1.5.1.gemspec
I, [2014-04-12T23:33:03.801085 #5184]  INFO -- : 0:  backports (3.6.0) from /Users/oranzhang/.rvm/gems/ruby-2.1.0/specifications/backports-3.6.0.gemspec
I, [2014-04-12T23:33:03.801367 #5184]  INFO -- : 0:  coffee-script-source (1.7.0) from /Users/oranzhang/.rvm/gems/ruby-2.1.0/specifications/coffee-script-source-1.7.0.gemspec
I, [2014-04-12T23:33:03.801559 #5184]  INFO -- : 0:  execjs (2.0.2) from /Users/oranzhang/.rvm/gems/ruby-2.1.0/specifications/execjs-2.0.2.gemspec
I, [2014-04-12T23:33:03.801739 #5184]  INFO -- : 0:  coffee-script (2.2.0) from /Users/oranzhang/.rvm/gems/ruby-2.1.0/specifications/coffee-script-2.2.0.gemspec
I, [2014-04-12T23:33:03.801919 #5184]  INFO -- : 0:  multi_json (1.9.0) from /Users/oranzhang/.rvm/gems/ruby-2.1.0/specifications/multi_json-1.9.0.gemspec
I, [2014-04-12T23:33:03.802084 #5184]  INFO -- : 0:  rack (1.5.2) from /Users/oranzhang/.rvm/gems/ruby-2.1.0/specifications/rack-1.5.2.gemspec
I, [2014-04-12T23:33:03.802270 #5184]  INFO -- : 0:  rack-protection (1.5.2) from /Users/oranzhang/.rvm/gems/ruby-2.1.0/specifications/rack-protection-1.5.2.gemspec
I, [2014-04-12T23:33:03.802424 #5184]  INFO -- : 0:  rack-test (0.6.2) from /Users/oranzhang/.rvm/gems/ruby-2.1.0/specifications/rack-test-0.6.2.gemspec
I, [2014-04-12T23:33:03.802604 #5184]  INFO -- : 0:  tilt (1.4.1) from /Users/oranzhang/.rvm/gems/ruby-2.1.0/specifications/tilt-1.4.1.gemspec
I, [2014-04-12T23:33:03.802784 #5184]  INFO -- : 0:  sinatra (1.4.5) from /Users/oranzhang/.rvm/gems/ruby-2.1.0/specifications/sinatra-1.4.5.gemspec
I, [2014-04-12T23:33:03.802963 #5184]  INFO -- : 0:  sinatra-contrib (1.4.2) from /Users/oranzhang/.rvm/gems/ruby-2.1.0/specifications/sinatra-contrib-1.4.2.gemspec
I, [2014-04-12T23:33:03.803142 #5184]  INFO -- : 0:  temple (0.6.7) from /Users/oranzhang/.rvm/gems/ruby-2.1.0/specifications/temple-0.6.7.gemspec
I, [2014-04-12T23:33:03.803331 #5184]  INFO -- : 0:  slim (2.0.2) from /Users/oranzhang/.rvm/gems/ruby-2.1.0/specifications/slim-2.0.2.gemspec
I, [2014-04-12T23:33:03.803491 #5184]  INFO -- : 0:  bundler (1.5.1) from /Users/oranzhang/.rvm/gems/ruby-2.1.0@global/specifications/bundler-1.5.1.gemspec
I, [2014-04-12T23:36:56.324952 #5233]  INFO -- : 0:  backports (3.6.0) from /Users/oranzhang/.rvm/gems/ruby-2.1.0/specifications/backports-3.6.0.gemspec
I, [2014-04-12T23:36:56.325225 #5233]  INFO -- : 0:  coffee-script-source (1.7.0) from /Users/oranzhang/.rvm/gems/ruby-2.1.0/specifications/coffee-script-source-1.7.0.gemspec
I, [2014-04-12T23:36:56.325399 #5233]  INFO -- : 0:  execjs (2.0.2) from /Users/oranzhang/.rvm/gems/ruby-2.1.0/specifications/execjs-2.0.2.gemspec
I, [2014-04-12T23:36:56.325576 #5233]  INFO -- : 0:  coffee-script (2.2.0) from /Users/oranzhang/.rvm/gems/ruby-2.1.0/specifications/coffee-script-2.2.0.gemspec
I, [2014-04-12T23:36:56.325763 #5233]  INFO -- : 0:  daemons (1.1.9) from /Users/oranzhang/.rvm/gems/ruby-2.1.0/specifications/daemons-1.1.9.gemspec
I, [2014-04-12T23:36:56.325928 #5233]  INFO -- : 0:  eventmachine (1.0.3) from /Users/oranzhang/.rvm/gems/ruby-2.1.0/specifications/eventmachine-1.0.3.gemspec
I, [2014-04-12T23:36:56.326105 #5233]  INFO -- : 0:  multi_json (1.9.0) from /Users/oranzhang/.rvm/gems/ruby-2.1.0/specifications/multi_json-1.9.0.gemspec
I, [2014-04-12T23:36:56.326277 #5233]  INFO -- : 0:  rack (1.5.2) from /Users/oranzhang/.rvm/gems/ruby-2.1.0/specifications/rack-1.5.2.gemspec
I, [2014-04-12T23:36:56.326444 #5233]  INFO -- : 0:  rack-protection (1.5.2) from /Users/oranzhang/.rvm/gems/ruby-2.1.0/specifications/rack-protection-1.5.2.gemspec
I, [2014-04-12T23:36:56.326616 #5233]  INFO -- : 0:  rack-test (0.6.2) from /Users/oranzhang/.rvm/gems/ruby-2.1.0/specifications/rack-test-0.6.2.gemspec
I, [2014-04-12T23:36:56.326784 #5233]  INFO -- : 0:  tilt (1.4.1) from /Users/oranzhang/.rvm/gems/ruby-2.1.0/specifications/tilt-1.4.1.gemspec
I, [2014-04-12T23:36:56.326976 #5233]  INFO -- : 0:  sinatra (1.4.5) from /Users/oranzhang/.rvm/gems/ruby-2.1.0/specifications/sinatra-1.4.5.gemspec
I, [2014-04-12T23:36:56.327158 #5233]  INFO -- : 0:  sinatra-contrib (1.4.2) from /Users/oranzhang/.rvm/gems/ruby-2.1.0/specifications/sinatra-contrib-1.4.2.gemspec
I, [2014-04-12T23:36:56.327331 #5233]  INFO -- : 0:  temple (0.6.7) from /Users/oranzhang/.rvm/gems/ruby-2.1.0/specifications/temple-0.6.7.gemspec
I, [2014-04-12T23:36:56.327492 #5233]  INFO -- : 0:  slim (2.0.2) from /Users/oranzhang/.rvm/gems/ruby-2.1.0/specifications/slim-2.0.2.gemspec
I, [2014-04-12T23:36:56.327679 #5233]  INFO -- : 0:  thin (1.6.1) from /Users/oranzhang/.rvm/gems/ruby-2.1.0/specifications/thin-1.6.1.gemspec
I, [2014-04-12T23:36:56.327849 #5233]  INFO -- : 0:  bundler (1.5.1) from /Users/oranzhang/.rvm/gems/ruby-2.1.0@global/specifications/bundler-1.5.1.gemspec
